#
# There is insufficient memory for the Java Runtime Environment to continue.
# Native memory allocation (mmap) failed to map 134217728 bytes for Failed to commit area from 0x0000000081c00000 to 0x0000000089c00000 of length 134217728.
# Possible reasons:
#   The system is out of physical RAM or swap space
#   The process is running with CompressedOops enabled, and the Java Heap may be blocking the growth of the native heap
# Possible solutions:
#   Reduce memory load on the system
#   Increase physical memory or swap space
#   Check if swap backing store is full
#   Decrease Java heap size (-Xmx/-Xms)
#   Decrease number of Java threads
#   Decrease Java thread stack sizes (-Xss)
#   Set larger code cache with -XX:ReservedCodeCacheSize=
#   JVM is running with Unscaled Compressed Oops mode in which the Java heap is
#     placed in the first 4GB address space. The Java Heap base address is the
#     maximum limit for the native heap growth. Please use -XX:HeapBaseMinAddress
#     to set the Java Heap base and to place the Java Heap above 4GB virtual address.
# This output file may be truncated or incomplete.
#
#  Out of Memory Error (./src/hotspot/os/windows/os_windows.cpp:3315), pid=8636, tid=12472
#
# JRE version:  (14.0.2+12) (build )
# Java VM: OpenJDK 64-Bit Server VM (14.0.2+12, mixed mode, sharing, tiered, compressed oops, g1 gc, windows-amd64)
# No core dump will be written. Minidumps are not enabled by default on client versions of Windows
#

---------------  S U M M A R Y ------------

Command Line: C:\Users\8338~1\AppData\Local\Temp\surefire6393838211368786636\surefirebooter3378474936795387515.jar C:\Users\Катюха\AppData\Local\Temp\surefire6393838211368786636 2021-05-27T19-53-09_804-jvmRun1 surefire12075507230145469454tmp surefire_05846814068061231860tmp

Host: Intel(R) Pentium(R) CPU  N3540  @ 2.16GHz, 4 cores, 7G,  Windows 8.1 , 64 bit Build 9600 (6.3.9600.17415)
Time: Thu May 27 19:53:21 2021 RTZ 2 (ceia) elapsed time: 0 seconds (0d 0h 0m 0s)

---------------  T H R E A D  ---------------

Current thread (0x0000004f6e29e800):  JavaThread "Unknown thread" [_thread_in_vm, id=12472, stack(0x0000004f6c1e0000,0x0000004f6c2e0000)]

Stack: [0x0000004f6c1e0000,0x0000004f6c2e0000]
Native frames: (J=compiled Java code, j=interpreted, Vv=VM code, C=native code)
V  [jvm.dll+0x5fd67a]
V  [jvm.dll+0x79785a]
V  [jvm.dll+0x79900f]
V  [jvm.dll+0x799653]
V  [jvm.dll+0x20f108]
V  [jvm.dll+0x5fa9ca]
V  [jvm.dll+0x5ef825]
V  [jvm.dll+0x2ca8cc]
V  [jvm.dll+0x2ca702]
V  [jvm.dll+0x2d05ec]
V  [jvm.dll+0x316b58]
V  [jvm.dll+0x316280]
V  [jvm.dll+0x2a32da]
V  [jvm.dll+0x2a4429]
V  [jvm.dll+0x774f38]
V  [jvm.dll+0x324784]
V  [jvm.dll+0x75640c]
V  [jvm.dll+0x3959cf]
V  [jvm.dll+0x397c01]
C  [jli.dll+0x524b]
C  [ucrtbase.DLL+0x1c1ae]
C  [KERNEL32.DLL+0x13d2]
C  [ntdll.dll+0x703c4]


---------------  P R O C E S S  ---------------

Threads class SMR info:
_java_thread_list=0x00007ffc5f5e35f8, length=0, elements={
}

Java Threads: ( => current thread )

Other Threads:
  0x0000004f6e2e0000 GCTaskThread "GC Thread#0" [stack: 0x0000004f6e0c0000,0x0000004f6e1c0000] [id=5788]
  0x0000004f6e2f1800 ConcurrentGCThread "G1 Main Marker" [stack: 0x0000004f7b810000,0x0000004f7b910000] [id=11672]
  0x0000004f6e2f5800 ConcurrentGCThread "G1 Conc#0" [stack: 0x0000004f7b910000,0x0000004f7ba10000] [id=2652]

[error occurred during error reporting (printing all threads), id 0xc0000005, EXCEPTION_ACCESS_VIOLATION (0xc0000005) at pc=0x00007ffc5eda3c07]

VM state:not at safepoint (not fully initialized)

VM Mutex/Monitor currently owned by a thread:  ([mutex/lock_event])
[0x0000004f6e299cc0] Heap_lock - owner thread: 0x0000004f6e29e800

Heap address: 0x0000000081c00000, size: 2020 MB, Compressed Oops mode: 32-bit
Narrow klass base: 0x0000000000000000, Narrow klass shift: 0

GC Heap History (0 events):
No events

Deoptimization events (0 events):
No events

Classes unloaded (0 events):
No events

Classes redefined (0 events):
No events

Internal exceptions (0 events):
No events

Events (2 events):
Event: 0.011 Loaded shared library C:\Users\Катюха\.jdks\adopt-openjdk-14.0.2\bin\java.dll
Event: 0.012 Loaded shared library C:\Users\Катюха\.jdks\adopt-openjdk-14.0.2\bin\zip.dll


Dynamic libraries:
0x00007ff669d50000 - 0x00007ff669d5d000 	C:\Users\Катюха\.jdks\adopt-openjdk-14.0.2\bin\java.exe
0x00007ffc94480000 - 0x00007ffc9462c000 	C:\Windows\SYSTEM32\ntdll.dll
0x00007ffc91d70000 - 0x00007ffc91eae000 	C:\Windows\system32\KERNEL32.DLL
0x00007ffc91930000 - 0x00007ffc91a45000 	C:\Windows\system32\KERNELBASE.dll
0x00007ffc8a350000 - 0x00007ffc8a368000 	C:\Users\Катюха\.jdks\adopt-openjdk-14.0.2\bin\jli.dll
0x00007ffc857c0000 - 0x00007ffc857d5000 	C:\Users\Катюха\.jdks\adopt-openjdk-14.0.2\bin\VCRUNTIME140.dll
0x00007ffc8bed0000 - 0x00007ffc8bed4000 	C:\Users\Катюха\.jdks\adopt-openjdk-14.0.2\bin\api-ms-win-crt-stdio-l1-1-0.dll
0x00007ffc8b180000 - 0x00007ffc8b184000 	C:\Users\Катюха\.jdks\adopt-openjdk-14.0.2\bin\api-ms-win-crt-runtime-l1-1-0.dll
0x00007ffc8a3c0000 - 0x00007ffc8a3c3000 	C:\Users\Катюха\.jdks\adopt-openjdk-14.0.2\bin\api-ms-win-crt-environment-l1-1-0.dll
0x00007ffc87620000 - 0x00007ffc87625000 	C:\Users\Катюха\.jdks\adopt-openjdk-14.0.2\bin\api-ms-win-crt-math-l1-1-0.dll
0x00007ffc8ed00000 - 0x00007ffc8ed03000 	C:\Users\Катюха\.jdks\adopt-openjdk-14.0.2\bin\api-ms-win-crt-locale-l1-1-0.dll
0x00007ffc87190000 - 0x00007ffc87193000 	C:\Users\Катюха\.jdks\adopt-openjdk-14.0.2\bin\api-ms-win-crt-heap-l1-1-0.dll
0x00007ffc8f400000 - 0x00007ffc8f67b000 	C:\Windows\WinSxS\amd64_microsoft.windows.common-controls_6595b64144ccf1df_6.0.9600.17415_none_6240486fecbd8abb\COMCTL32.dll
0x00007ffc920e0000 - 0x00007ffc92257000 	C:\Windows\system32\USER32.dll
0x00007ffc855c0000 - 0x00007ffc855c3000 	C:\Users\Катюха\.jdks\adopt-openjdk-14.0.2\bin\api-ms-win-crt-filesystem-l1-1-0.dll
0x00007ffc857a0000 - 0x00007ffc857a4000 	C:\Users\Катюха\.jdks\adopt-openjdk-14.0.2\bin\api-ms-win-crt-string-l1-1-0.dll
0x00007ffc84e60000 - 0x00007ffc84e64000 	C:\Users\Катюха\.jdks\adopt-openjdk-14.0.2\bin\api-ms-win-crt-convert-l1-1-0.dll
0x00007ffc922c0000 - 0x00007ffc9236a000 	C:\Windows\system32\msvcrt.dll
0x00007ffc94260000 - 0x00007ffc943b1000 	C:\Windows\system32\GDI32.dll
0x00007ffc66870000 - 0x00007ffc6696a000 	C:\Users\Катюха\.jdks\adopt-openjdk-14.0.2\bin\ucrtbase.DLL
0x00007ffc923a0000 - 0x00007ffc923d6000 	C:\Windows\system32\IMM32.DLL
0x00007ffc92820000 - 0x00007ffc92973000 	C:\Windows\system32\MSCTF.dll
0x00007ffc645b0000 - 0x00007ffc6464b000 	C:\Users\Катюха\.jdks\adopt-openjdk-14.0.2\bin\msvcp140.dll
0x00007ffc85150000 - 0x00007ffc85153000 	C:\Users\Катюха\.jdks\adopt-openjdk-14.0.2\bin\api-ms-win-crt-time-l1-1-0.dll
0x00007ffc81490000 - 0x00007ffc81493000 	C:\Users\Катюха\.jdks\adopt-openjdk-14.0.2\bin\api-ms-win-crt-utility-l1-1-0.dll
0x00007ffc5eaf0000 - 0x00007ffc5f684000 	C:\Users\Катюха\.jdks\adopt-openjdk-14.0.2\bin\server\jvm.dll
0x00007ffc93fd0000 - 0x00007ffc9407a000 	C:\Windows\system32\ADVAPI32.dll
0x00007ffc90120000 - 0x00007ffc90129000 	C:\Windows\SYSTEM32\WSOCK32.dll
0x00007ffc87bf0000 - 0x00007ffc87c12000 	C:\Windows\SYSTEM32\WINMM.dll
0x00007ffc8e430000 - 0x00007ffc8e43a000 	C:\Windows\SYSTEM32\VERSION.dll
0x00007ffc92a40000 - 0x00007ffc92a47000 	C:\Windows\system32\PSAPI.DLL
0x00007ffc92260000 - 0x00007ffc922b9000 	C:\Windows\SYSTEM32\sechost.dll
0x00007ffc924b0000 - 0x00007ffc925f1000 	C:\Windows\system32\RPCRT4.dll
0x00007ffc929e0000 - 0x00007ffc92a3a000 	C:\Windows\system32\WS2_32.dll
0x00007ffc870d0000 - 0x00007ffc870fa000 	C:\Windows\SYSTEM32\WINMMBASE.dll
0x00007ffc92370000 - 0x00007ffc92379000 	C:\Windows\system32\NSI.dll
0x00007ffc918e0000 - 0x00007ffc9192f000 	C:\Windows\SYSTEM32\cfgmgr32.dll
0x00007ffc903c0000 - 0x00007ffc903e8000 	C:\Windows\SYSTEM32\DEVOBJ.dll
0x00007ffc74520000 - 0x00007ffc7452a000 	C:\Users\Катюха\.jdks\adopt-openjdk-14.0.2\bin\jimage.dll
0x00007ffc8a180000 - 0x00007ffc8a30a000 	C:\Windows\SYSTEM32\DBGHELP.DLL
0x00007ffc6d920000 - 0x00007ffc6d945000 	C:\Users\Катюха\.jdks\adopt-openjdk-14.0.2\bin\java.dll
0x00007ffc739d0000 - 0x00007ffc739e6000 	C:\Users\Катюха\.jdks\adopt-openjdk-14.0.2\bin\zip.dll

dbghelp: loaded successfully - version: 4.0.5 - missing functions: none
symbol engine: initialized successfully - sym options: 0x614 - pdb path: .;C:\Users\Катюха\.jdks\adopt-openjdk-14.0.2\bin;C:\Windows\SYSTEM32;C:\Windows\WinSxS\amd64_microsoft.windows.common-controls_6595b64144ccf1df_6.0.9600.17415_none_6240486fecbd8abb;C:\Users\Катюха\.jdks\adopt-openjdk-14.0.2\bin\server

VM Arguments:
java_command: C:\Users\8338~1\AppData\Local\Temp\surefire6393838211368786636\surefirebooter3378474936795387515.jar C:\Users\Катюха\AppData\Local\Temp\surefire6393838211368786636 2021-05-27T19-53-09_804-jvmRun1 surefire12075507230145469454tmp surefire_05846814068061231860tmp
java_class_path (initial): C:\Users\8338~1\AppData\Local\Temp\surefire6393838211368786636\surefirebooter3378474936795387515.jar
Launcher Type: SUN_STANDARD

[Global flags]
     intx CICompilerCount                          = 3                                         {product} {ergonomic}
     uint ConcGCThreads                            = 1                                         {product} {ergonomic}
     uint G1ConcRefinementThreads                  = 4                                         {product} {ergonomic}
   size_t G1HeapRegionSize                         = 1048576                                   {product} {ergonomic}
    uintx GCDrainStackTargetSize                   = 64                                        {product} {ergonomic}
   size_t InitialHeapSize                          = 134217728                                 {product} {ergonomic}
   size_t MarkStackSize                            = 4194304                                   {product} {ergonomic}
   size_t MaxHeapSize                              = 2118123520                                {product} {ergonomic}
   size_t MinHeapDeltaBytes                        = 1048576                                   {product} {ergonomic}
   size_t MinHeapSize                              = 8388608                                   {product} {ergonomic}
    uintx NonNMethodCodeHeapSize                   = 5832780                                {pd product} {ergonomic}
    uintx NonProfiledCodeHeapSize                  = 122912730                              {pd product} {ergonomic}
    uintx ProfiledCodeHeapSize                     = 122912730                              {pd product} {ergonomic}
    uintx ReservedCodeCacheSize                    = 251658240                              {pd product} {ergonomic}
     bool SegmentedCodeCache                       = true                                      {product} {ergonomic}
   size_t SoftMaxHeapSize                          = 2118123520                             {manageable} {ergonomic}
     bool UseCompressedClassPointers               = true                                 {lp64_product} {ergonomic}
     bool UseCompressedOops                        = true                                 {lp64_product} {ergonomic}
     bool UseG1GC                                  = true                                      {product} {ergonomic}
     bool UseLargePagesIndividualAllocation        = false                                  {pd product} {ergonomic}

Logging:
Log output configuration:
 #0: stdout all=warning uptime,level,tags
 #1: stderr all=off uptime,level,tags

Environment Variables:
PATH=C:\ProgramData\Oracle\Java\javapath;D:\Python\;D:\16.0\bin;C:\Users\Public\Documents\Embarcadero\Studio\16.0\Bpl;D:\16.0\bin64;C:\Users\Public\Documents\Embarcadero\Studio\16.0\Bpl\Win64;C:\Program Files (x86)\Embarcadero\Studio\19.0\bin;C:\Users\Public\Documents\Embarcadero\Studio\19.0\Bpl;C:\Program Files (x86)\Embarcadero\Studio\19.0\bin64;C:\Users\Public\Documents\Embarcadero\Studio\19.0\Bpl\Win64;C:\Program Files (x86)\Intel\TXE Components\TCS\;C:\Program Files\Intel\TXE Components\TCS\;C:\Windows\system32;C:\Windows;C:\Windows\System32\Wbem;C:\Windows\System32\WindowsPowerShell\v1.0\;C:\Program Files (x86)\NVIDIA Corporation\PhysX\Common;C:\Program Files\dotnet\;C:\Users\Катюха\.dnx\bin;C:\Program Files\Microsoft DNX\Dnvm\;C:\Program Files\Microsoft SQL Server\120\Tools\Binn\;C:\Program Files (x86)\Brackets\command;C:\Program Files\MySQL\MySQL Shell 8.0\bin\;C:\Users\Катюха\.dotnet\tools
USERNAME=Катюха
OS=Windows_NT
PROCESSOR_IDENTIFIER=Intel64 Family 6 Model 55 Stepping 8, GenuineIntel



---------------  S Y S T E M  ---------------

OS: Windows 8.1 , 64 bit Build 9600 (6.3.9600.17415)
OS uptime: 9 days 8:23 hours

CPU:total 4 (initial active 4) (4 cores per cpu, 1 threads per core) family 6 model 55 stepping 8, cmov, cx8, fxsr, mmx, sse, sse2, sse3, ssse3, sse4.1, sse4.2, popcnt, clmul, erms, 3dnowpref, tsc, tscinvbit

Memory: 4k page, system-wide physical 8078M (1610M free)
TotalPageFile size 11150M (AvailPageFile size 57M)
current process WorkingSet (physical memory assigned to process): 9M, peak: 9M
current process commit charge ("private bytes"): 51M, peak: 179M

vm_info: OpenJDK 64-Bit Server VM (14.0.2+12) for windows-amd64 JRE (14.0.2+12), built on Jul 15 2020 11:30:16 by "" with MS VC++ 15.9 (VS2017)

END.
